<?xml version="1.0" encoding="UTF-8"?>
<!-- Generated by org.testng.reporters.JUnitReportReporter -->
<testsuite skipped="0" hostname="BDC4-D-5S04RG2" name="mavenselenium.Annotations" tests="2" failures="0" timestamp="17 Sep 2018 09:24:15 GMT" time="0.010" errors="0">
  <testcase name="first" time="0.005" classname="mavenselenium.Annotations"/>
  <testcase name="second" time="0.005" classname="mavenselenium.Annotations"/>
</testsuite> <!-- mavenselenium.Annotations -->
