<?xml version="1.0" encoding="UTF-8"?>
<!-- Generated by org.testng.reporters.JUnitReportReporter -->
<testsuite skipped="0" hostname="BDC4-D-5S04RG2" name="mavenselenium.Example" tests="1" failures="0" timestamp="17 Sep 2018 10:46:52 GMT" time="10.692" errors="0">
  <testcase name="test" time="10.692" classname="mavenselenium.Example"/>
</testsuite> <!-- mavenselenium.Example -->
