<?xml version="1.0" encoding="UTF-8"?>
<!-- Generated by org.testng.reporters.JUnitReportReporter -->
<testsuite skipped="0" hostname="BDC4-D-5S04RG2" name="mavenselenium.Frame" tests="1" failures="0" timestamp="18 Sep 2018 05:28:36 GMT" time="22.048" errors="0">
  <testcase name="testcase" time="22.048" classname="mavenselenium.Frame"/>
</testsuite> <!-- mavenselenium.Frame -->
