<?xml version="1.0" encoding="UTF-8"?>
<!-- Generated by org.testng.reporters.JUnitReportReporter -->
<testsuite skipped="0" hostname="BDC4-D-5S04RG2" name="mavenselenium.KeyStroke" tests="1" failures="0" timestamp="18 Sep 2018 11:01:53 GMT" time="19.694" errors="0">
  <testcase name="typekeys" time="19.694" classname="mavenselenium.KeyStroke"/>
</testsuite> <!-- mavenselenium.KeyStroke -->
