<?xml version="1.0" encoding="UTF-8"?>
<!-- Generated by org.testng.reporters.JUnitReportReporter -->
<testsuite skipped="0" hostname="BDC4-D-5S04RG2" name="mavenselenium.DragAndDrop" tests="1" failures="0" timestamp="18 Sep 2018 10:08:43 GMT" time="15.052" errors="0">
  <testcase name="testcase" time="15.052" classname="mavenselenium.DragAndDrop"/>
</testsuite> <!-- mavenselenium.DragAndDrop -->
