<?xml version="1.0" encoding="UTF-8"?>
<!-- Generated by org.testng.reporters.JUnitReportReporter -->
<testsuite skipped="0" hostname="BDC4-D-5S04RG2" name="mavenselenium.Flipkart" tests="1" failures="0" timestamp="17 Sep 2018 10:50:07 GMT" time="15.646" errors="0">
  <testcase name="ActionSearch" time="15.646" classname="mavenselenium.Flipkart"/>
</testsuite> <!-- mavenselenium.Flipkart -->
