<?xml version="1.0" encoding="UTF-8"?>
<!-- Generated by org.testng.reporters.JUnitReportReporter -->
<testsuite skipped="0" hostname="BDC4-D-5S04RG2" name="mavenselenium.BasicAnnotations" tests="1" failures="0" timestamp="17 Sep 2018 09:24:15 GMT" time="15.269" errors="0">
  <testcase name="testcase" time="15.269" classname="mavenselenium.BasicAnnotations"/>
</testsuite> <!-- mavenselenium.BasicAnnotations -->
