<?xml version="1.0" encoding="UTF-8"?>
<!-- Generated by org.testng.reporters.JUnitReportReporter -->
<testsuite skipped="0" hostname="BDC4-D-5S04RG2" name="mavenselenium.DataDriven" tests="2" failures="0" timestamp="17 Sep 2018 10:02:51 GMT" time="0.011" errors="0">
  <testcase name="testcase" time="0.002" classname="mavenselenium.DataDriven"/>
  <testcase name="testcase" time="0.009" classname="mavenselenium.DataDriven"/>
</testsuite> <!-- mavenselenium.DataDriven -->
