<?xml version="1.0" encoding="UTF-8"?>
<!-- Generated by org.testng.reporters.JUnitReportReporter -->
<testsuite skipped="0" hostname="BDC4-D-5S04RG2" name="mavenselenium.Mouse" tests="1" failures="0" timestamp="18 Sep 2018 09:17:56 GMT" time="71.761" errors="0">
  <testcase name="testcase" time="71.761" classname="mavenselenium.Mouse"/>
</testsuite> <!-- mavenselenium.Mouse -->
